{"C:\\Users\\User\\Downloads\\fintech-dashboard\\src\\utils\\format.ts": {"path":"C:\\Users\\User\\Downloads\\fintech-dashboard\\src\\utils\\format.ts","statementMap":{"0":{"start":{"line":2,"column":2},"end":{"line":5,"column":null}},"1":{"start":{"line":9,"column":29},"end":{"line":9,"column":57}},"2":{"start":{"line":10,"column":2},"end":{"line":10,"column":null}},"3":{"start":{"line":14,"column":14},"end":{"line":14,"column":24}},"4":{"start":{"line":15,"column":16},"end":{"line":15,"column":59}},"5":{"start":{"line":16,"column":2},"end":{"line":16,"column":null}}},"fnMap":{"0":{"name":"formatCurrency","decl":{"start":{"line":1,"column":16},"end":{"line":1,"column":31}},"loc":{"start":{"line":1,"column":46},"end":{"line":5,"column":null}},"line":1},"1":{"name":"formatDate","decl":{"start":{"line":8,"column":16},"end":{"line":8,"column":27}},"loc":{"start":{"line":8,"column":41},"end":{"line":10,"column":null}},"line":8},"2":{"name":"getCurrentMonthValue","decl":{"start":{"line":13,"column":16},"end":{"line":13,"column":39}},"loc":{"start":{"line":13,"column":39},"end":{"line":16,"column":null}},"line":13}},"branchMap":{},"s":{"0":1,"1":1,"2":1,"3":0,"4":0,"5":0},"f":{"0":1,"1":1,"2":0},"b":{},"meta":{"lastBranch":0,"lastFunction":3,"lastStatement":6,"seen":{"f:1:16:1:31":0,"s:2:2:5:Infinity":0,"f:8:16:8:27":1,"s:9:29:9:57":1,"s:10:2:10:Infinity":2,"f:13:16:13:39":2,"s:14:14:14:24":3,"s:15:16:15:59":4,"s:16:2:16:Infinity":5}}}
}
